Fri Feb  4 16:44:13 2022 starting mapping and filtering operation
Fri Feb  4 16:44:13 2022 calling bwa for fastq/21-01774_R1.fastq.gz
Fri Feb  4 16:44:46 2022 calling bwa for fastq/21-01774_R2.fastq.gz
Fri Feb  4 16:45:21 2022 calling samtools sort for output/feather_output/21-01774_20220204_164412//tempfiles/21-01774_R1.fastq.gz.bwa.sam storing in output/feather_output/21-01774_20220204_164412//tempfiles/21-01774_R1.fastq.gz.bwa.sam.srtn
Fri Feb  4 16:45:23 2022 calling samtools sort for output/feather_output/21-01774_20220204_164412//tempfiles/21-01774_R2.fastq.gz.bwa.sam storing in output/feather_output/21-01774_20220204_164412//tempfiles/21-01774_R2.fastq.gz.bwa.sam.srtn
Fri Feb  4 16:45:25 2022 merging output/feather_output/21-01774_20220204_164412//tempfiles/21-01774_R1.fastq.gz.bwa.sam.srtn and output/feather_output/21-01774_20220204_164412//tempfiles/21-01774_R2.fastq.gz.bwa.sam.srtn
Fri Feb  4 16:45:37 2022 filtering and pairing reads
Fri Feb  4 16:45:55 2022 paired bam file generated. Calling fixmate
output/feather_output/21-01774_20220204_164412//21-01774.paired
True
Fri Feb  4 16:45:58 2022 sorting by coordinates.
Fri Feb  4 16:46:01 2022 calling samtools markdup
Fri Feb  4 16:46:04 2022 calling samtools flagstat on mapped file
Fri Feb  4 16:46:05 2022 calling samtools flagstat on mapped and duplicate-removed file
Fri Feb  4 16:46:06 2022 calling samtools sort for sorting by query names
Fri Feb  4 16:46:10 2022 finishing filtering
Fri Feb  4 16:46:10 2022 starting the splitting operation
Fri Feb  4 16:46:10 2022 WARNING: no ChIP peaks file found to compute the on-chip ratio
Fri Feb  4 16:46:10 2022 QC metrics will be computed from: output/feather_output/21-01774_20220204_164412/21-01774.paired.rmdup.flagstat
Fri Feb  4 16:46:33 2022 generating long, intra-chromosomal bedpe file(s)
Fri Feb  4 16:46:36 2022 writing to the combined bedpe file
Fri Feb  4 16:46:39 2022 splitting completed
Fri Feb  4 16:44:13 2022 starting mapping and filtering operation
Fri Feb  4 16:44:13 2022 calling bwa for fastq/21-01774_R1.fastq.gz
Fri Feb  4 16:44:46 2022 calling bwa for fastq/21-01774_R2.fastq.gz
Fri Feb  4 16:45:21 2022 calling samtools sort for output/feather_output/21-01774_20220204_164412//tempfiles/21-01774_R1.fastq.gz.bwa.sam storing in output/feather_output/21-01774_20220204_164412//tempfiles/21-01774_R1.fastq.gz.bwa.sam.srtn
Fri Feb  4 16:45:23 2022 calling samtools sort for output/feather_output/21-01774_20220204_164412//tempfiles/21-01774_R2.fastq.gz.bwa.sam storing in output/feather_output/21-01774_20220204_164412//tempfiles/21-01774_R2.fastq.gz.bwa.sam.srtn
Fri Feb  4 16:45:25 2022 merging output/feather_output/21-01774_20220204_164412//tempfiles/21-01774_R1.fastq.gz.bwa.sam.srtn and output/feather_output/21-01774_20220204_164412//tempfiles/21-01774_R2.fastq.gz.bwa.sam.srtn
Fri Feb  4 16:45:37 2022 filtering and pairing reads
Fri Feb  4 16:45:55 2022 paired bam file generated. Calling fixmate
output/feather_output/21-01774_20220204_164412//21-01774.paired
True
Fri Feb  4 16:45:58 2022 sorting by coordinates.
Fri Feb  4 16:46:01 2022 calling samtools markdup
Fri Feb  4 16:46:04 2022 calling samtools flagstat on mapped file
Fri Feb  4 16:46:05 2022 calling samtools flagstat on mapped and duplicate-removed file
Fri Feb  4 16:46:06 2022 calling samtools sort for sorting by query names
Fri Feb  4 16:46:10 2022 finishing filtering
Fri Feb  4 16:46:10 2022 starting the splitting operation
Fri Feb  4 16:46:10 2022 WARNING: no ChIP peaks file found to compute the on-chip ratio
Fri Feb  4 16:46:10 2022 QC metrics will be computed from: output/feather_output/21-01774_20220204_164412/21-01774.paired.rmdup.flagstat
Fri Feb  4 16:46:33 2022 generating long, intra-chromosomal bedpe file(s)
Fri Feb  4 16:46:36 2022 writing to the combined bedpe file
Fri Feb  4 16:46:39 2022 splitting completed
