Fri Feb  4 16:51:32 2022 starting mapping and filtering operation
Fri Feb  4 16:51:32 2022 calling bwa for fastq/21-01775_R1.fastq.gz
Fri Feb  4 16:51:59 2022 calling bwa for fastq/21-01775_R2.fastq.gz
Fri Feb  4 16:52:30 2022 calling samtools sort for output/feather_output/21-01775_20220204_165131//tempfiles/21-01775_R1.fastq.gz.bwa.sam storing in output/feather_output/21-01775_20220204_165131//tempfiles/21-01775_R1.fastq.gz.bwa.sam.srtn
Fri Feb  4 16:52:32 2022 calling samtools sort for output/feather_output/21-01775_20220204_165131//tempfiles/21-01775_R2.fastq.gz.bwa.sam storing in output/feather_output/21-01775_20220204_165131//tempfiles/21-01775_R2.fastq.gz.bwa.sam.srtn
Fri Feb  4 16:52:34 2022 merging output/feather_output/21-01775_20220204_165131//tempfiles/21-01775_R1.fastq.gz.bwa.sam.srtn and output/feather_output/21-01775_20220204_165131//tempfiles/21-01775_R2.fastq.gz.bwa.sam.srtn
Fri Feb  4 16:52:44 2022 filtering and pairing reads
Fri Feb  4 16:52:58 2022 paired bam file generated. Calling fixmate
output/feather_output/21-01775_20220204_165131//21-01775.paired
True
Fri Feb  4 16:53:00 2022 sorting by coordinates.
Fri Feb  4 16:53:03 2022 calling samtools markdup
Fri Feb  4 16:53:06 2022 calling samtools flagstat on mapped file
Fri Feb  4 16:53:07 2022 calling samtools flagstat on mapped and duplicate-removed file
Fri Feb  4 16:53:07 2022 calling samtools sort for sorting by query names
Fri Feb  4 16:53:10 2022 finishing filtering
Fri Feb  4 16:53:10 2022 starting the splitting operation
Fri Feb  4 16:53:10 2022 WARNING: no ChIP peaks file found to compute the on-chip ratio
Fri Feb  4 16:53:10 2022 QC metrics will be computed from: output/feather_output/21-01775_20220204_165131/21-01775.paired.rmdup.flagstat
Fri Feb  4 16:53:30 2022 generating long, intra-chromosomal bedpe file(s)
	no bedpe generated forchrY. Empty bam file.
Fri Feb  4 16:53:32 2022 writing to the combined bedpe file
Fri Feb  4 16:53:34 2022 splitting completed
Fri Feb  4 16:51:32 2022 starting mapping and filtering operation
Fri Feb  4 16:51:32 2022 calling bwa for fastq/21-01775_R1.fastq.gz
Fri Feb  4 16:51:59 2022 calling bwa for fastq/21-01775_R2.fastq.gz
Fri Feb  4 16:52:30 2022 calling samtools sort for output/feather_output/21-01775_20220204_165131//tempfiles/21-01775_R1.fastq.gz.bwa.sam storing in output/feather_output/21-01775_20220204_165131//tempfiles/21-01775_R1.fastq.gz.bwa.sam.srtn
Fri Feb  4 16:52:32 2022 calling samtools sort for output/feather_output/21-01775_20220204_165131//tempfiles/21-01775_R2.fastq.gz.bwa.sam storing in output/feather_output/21-01775_20220204_165131//tempfiles/21-01775_R2.fastq.gz.bwa.sam.srtn
Fri Feb  4 16:52:34 2022 merging output/feather_output/21-01775_20220204_165131//tempfiles/21-01775_R1.fastq.gz.bwa.sam.srtn and output/feather_output/21-01775_20220204_165131//tempfiles/21-01775_R2.fastq.gz.bwa.sam.srtn
Fri Feb  4 16:52:44 2022 filtering and pairing reads
Fri Feb  4 16:52:58 2022 paired bam file generated. Calling fixmate
output/feather_output/21-01775_20220204_165131//21-01775.paired
True
Fri Feb  4 16:53:00 2022 sorting by coordinates.
Fri Feb  4 16:53:03 2022 calling samtools markdup
Fri Feb  4 16:53:06 2022 calling samtools flagstat on mapped file
Fri Feb  4 16:53:07 2022 calling samtools flagstat on mapped and duplicate-removed file
Fri Feb  4 16:53:07 2022 calling samtools sort for sorting by query names
Fri Feb  4 16:53:10 2022 finishing filtering
Fri Feb  4 16:53:10 2022 starting the splitting operation
Fri Feb  4 16:53:10 2022 WARNING: no ChIP peaks file found to compute the on-chip ratio
Fri Feb  4 16:53:10 2022 QC metrics will be computed from: output/feather_output/21-01775_20220204_165131/21-01775.paired.rmdup.flagstat
Fri Feb  4 16:53:30 2022 generating long, intra-chromosomal bedpe file(s)
	no bedpe generated forchrY. Empty bam file.
Fri Feb  4 16:53:32 2022 writing to the combined bedpe file
Fri Feb  4 16:53:34 2022 splitting completed
